<?xml version="1.0" encoding="UTF-8"?>
<!-- Generated by org.testng.reporters.JUnitReportReporter -->
<testsuite skipped="0" hostname="DESKTOP-152FRH1" name="com.souceDemo.TestClasses1.Practice_TestNG" tests="4" failures="0" timestamp="2022-04-15T13:23:09 IST" time="0.041" errors="0">
  <testcase name="Login" time="0.021" classname="com.souceDemo.TestClasses1.Practice_TestNG"/>
  <system-out/>
  <testcase name="method1" time="0.004" classname="com.souceDemo.TestClasses1.Practice_TestNG"/>
  <system-out/>
  <testcase name="method2" time="0.003" classname="com.souceDemo.TestClasses1.Practice_TestNG"/>
  <system-out/>
  <testcase name="Logout" time="0.013" classname="com.souceDemo.TestClasses1.Practice_TestNG"/>
  <system-out/>
</testsuite> <!-- com.souceDemo.TestClasses1.Practice_TestNG -->
